[2019-07-24T12:10:00.111Z] info server running
[2019-07-24T12:15:53.008Z] info server running
[2019-07-24T12:17:08.579Z] info server running
[2019-07-24T12:17:37.238Z] info server running
[2019-07-24T12:20:10.540Z] info server running
[2019-07-24T12:20:24.195Z] info server running
[2019-07-25T04:10:10.455Z] info server running
[2019-07-25T04:18:55.637Z] info server running
[2019-07-25T04:19:07.077Z] info server running
[2019-07-25T04:19:40.646Z] info server running
[2019-07-25T04:25:10.792Z] info server running
[2019-07-25T04:46:14.664Z] info server running
[2019-07-25T04:47:30.834Z] info server running
[2019-07-25T04:49:09.750Z] info server running
[2019-07-25T04:51:15.912Z] info server running
[2019-07-25T04:54:29.363Z] info server running
[2019-07-25T04:54:42.724Z] info server running
[2019-07-25T04:57:51.611Z] info server running
[2019-07-25T04:58:43.338Z] info server running
[2019-07-25T04:59:13.671Z] info server running
[2019-07-25T04:59:39.667Z] info server running
[2019-07-25T05:01:53.647Z] info server running
[2019-07-25T05:02:30.290Z] info server running
[2019-07-25T05:02:34.214Z] info server running
[2019-07-25T05:02:50.231Z] info server running
[2019-07-25T05:05:29.301Z] info server running
[2019-07-25T05:06:05.417Z] info server running
[2019-07-25T05:06:08.704Z] info server running
[2019-07-25T05:06:56.743Z] info server running
[2019-07-25T05:08:21.300Z] info server running
[2019-07-25T05:11:09.354Z] info server running
[2019-07-25T05:12:28.586Z] info server running
[2019-07-25T05:14:27.709Z] info server running
[2019-07-25T05:16:03.165Z] info server running
[2019-07-25T05:16:13.857Z] info error in insertion of data:Error: Unknown column 'D.O.B' in 'field list'
[2019-07-25T05:16:54.353Z] info error in insertion of data:Error: Unknown column 'D.O.B' in 'field list'
[2019-07-25T05:17:17.885Z] info server running
[2019-07-25T05:17:21.627Z] info error in insertion of data:Error: Unknown column 'D.O.B' in 'field list'
[2019-07-25T05:20:57.315Z] info error in insertion of data:Error: Incorrect date value: '23/11/1997' for column 'DOB' at row 1
[2019-07-25T05:26:43.712Z] info server running
[2019-07-25T05:27:14.817Z] info server running
[2019-07-25T05:27:18.185Z] info error in insertion of data:ReferenceError: User is not defined
[2019-07-25T05:27:30.750Z] info server running
[2019-07-25T05:27:40.170Z] info server running
[2019-07-25T05:28:01.639Z] info server running
[2019-07-25T05:28:25.915Z] info server running
[2019-07-25T05:28:33.846Z] info server running
[2019-07-25T05:28:42.321Z] info server running
[2019-07-25T05:29:23.778Z] info server running
[2019-07-25T05:29:40.060Z] info server running
[2019-07-25T05:30:06.687Z] info server running
[2019-07-25T05:34:25.695Z] info server running
[2019-07-25T05:34:31.768Z] info user exists
[2019-07-25T05:37:41.717Z] info server running
[2019-07-25T05:37:46.900Z] info user exists
[2019-07-25T05:38:22.232Z] info user created
[2019-07-25T05:38:53.875Z] info server running
[2019-07-25T05:38:59.162Z] info error in insertion of data:Error: Data too long for column 'Password' at row 1
[2019-07-25T05:39:52.408Z] info error in insertion of data:Error: Data too long for column 'Password' at row 1
[2019-07-25T05:40:34.423Z] info user created
[2019-07-25T05:40:46.387Z] info server running
[2019-07-25T05:43:37.591Z] info server running
[2019-07-25T05:45:30.690Z] info server running
[2019-07-25T05:46:02.271Z] info server running
[2019-07-25T05:46:08.183Z] info server running
[2019-07-25T05:46:22.131Z] info server running
[2019-07-25T05:47:50.425Z] info server running
[2019-07-25T05:48:21.302Z] info server running
[2019-07-25T05:49:02.754Z] info server running
[2019-07-25T05:49:23.461Z] info server running
[2019-07-25T05:49:54.418Z] info server running
[2019-07-25T05:50:01.427Z] info server running
[2019-07-25T05:50:04.345Z] info user sucesfully login
[2019-07-25T05:50:18.014Z] info server running
[2019-07-25T05:50:22.693Z] error enter correct password
[2019-07-25T05:51:18.780Z] info server running
[2019-07-25T05:51:30.781Z] info server running
[2019-07-25T05:52:27.401Z] info username doesnot exists
[2019-07-25T05:53:00.551Z] info username doesnot exists
[2019-07-25T05:53:07.683Z] info user sucesfully login
[2019-07-25T05:53:19.068Z] info username doesnot exists
[2019-07-25T05:53:26.539Z] error details containing error [object Object]
[2019-07-25T05:53:40.259Z] error enter correct password
[2019-07-25T06:56:30.932Z] info server running
[2019-07-25T06:59:02.584Z] info server running
[2019-07-25T07:01:02.797Z] info server running
[2019-07-25T07:01:08.062Z] error details containing error [object Object]
[2019-07-25T07:02:44.076Z] info server running
[2019-07-25T07:02:47.675Z] error enter correct password
[2019-07-25T07:02:57.976Z] info user sucesfully login
[2019-07-26T04:27:02.463Z] info server running
[2019-07-26T04:35:34.395Z] info server running
[2019-07-26T04:36:39.224Z] info server running
[2019-07-26T04:36:49.682Z] info server running
[2019-07-26T04:37:39.105Z] info server running
[2019-07-26T04:41:08.751Z] info server running
[2019-07-26T04:44:11.328Z] info server running8000
[2019-07-26T04:44:17.207Z] info server running 8000
[2019-07-26T04:51:40.795Z] info server running 8000
[2019-07-26T05:00:06.251Z] info server running 8000
[2019-07-26T05:00:12.723Z] info username doesnot exists
[2019-07-26T05:05:03.440Z] info server running 8000
[2019-07-26T05:10:31.696Z] info server running 8000
[2019-07-26T05:10:40.795Z] info username doesnot exists
[2019-07-26T05:25:08.636Z] info server running 8000
[2019-07-26T05:26:04.006Z] error details containing error [object Object]
[2019-07-26T05:28:26.300Z] error details containing error [object Object]
[2019-07-26T05:29:39.326Z] info username doesnot exists
[2019-07-26T05:31:43.729Z] info username doesnot exists
[2019-07-26T05:42:01.788Z] info server running 8000
[2019-07-26T05:45:35.580Z] info server running 8000
[2019-07-26T05:46:20.866Z] error details containing error [object Object]
[2019-07-26T05:46:45.414Z] error details containing error [object Object]
[2019-07-26T05:47:14.852Z] error details containing error [object Object]
[2019-07-26T05:47:52.430Z] error details containing error [object Object]
[2019-07-26T05:48:43.368Z] error details containing error [object Object]
[2019-07-26T05:50:19.158Z] error details containing error [object Object]
[2019-07-26T05:56:47.912Z] error details containing error [object Object]
[2019-07-26T06:02:51.955Z] error details containing error [object Object]
[2019-07-26T06:03:37.973Z] info server running 8000
[2019-07-26T06:03:44.771Z] error details containing error [object Object]
[2019-07-26T06:05:25.560Z] error details containing error [object Object]
[2019-07-26T06:06:58.784Z] error details containing error [object Object]
[2019-07-26T06:11:43.426Z] error details containing error [object Object]
[2019-07-26T06:17:15.516Z] error details containing error [object Object]
[2019-07-26T06:26:50.057Z] error details containing error [object Object]
[2019-07-26T06:39:41.814Z] error details containing error [object Object]
[2019-07-26T06:41:41.384Z] error details containing error [object Object]
[2019-07-26T06:47:09.746Z] error details containing error [object Object]
[2019-07-26T06:51:37.795Z] error details containing error [object Object]
[2019-07-26T06:54:55.543Z] error details containing error [object Object]
[2019-07-26T06:55:04.143Z] error details containing error [object Object]
[2019-07-26T06:57:06.117Z] info user created
[2019-07-26T06:58:04.536Z] info user successfully login
[2019-07-26T07:02:13.129Z] error details containing error [object Object]
[2019-07-26T07:03:37.521Z] error details containing error [object Object]
[2019-07-26T07:05:49.445Z] error details containing error [object Object]
[2019-07-26T07:06:31.711Z] error details containing error [object Object]
[2019-07-26T07:06:50.833Z] error details containing error [object Object]
[2019-07-26T09:03:20.629Z] info user successfully login
[2019-07-26T09:07:38.983Z] info user successfully login
[2019-07-26T09:08:41.274Z] info user successfully login
[2019-07-26T09:18:38.144Z] info user successfully login
[2019-07-26T11:36:52.000Z] info user successfully login
[2019-07-26T11:36:54.331Z] info user successfully login
[2019-07-26T11:51:40.548Z] info user successfully login
[2019-07-26T12:04:12.100Z] info user successfully login
[2019-07-26T12:04:33.071Z] info user successfully login
[2019-07-26T12:06:30.888Z] info user created
[2019-07-26T12:06:44.688Z] info user successfully login
[2019-07-26T12:06:58.766Z] error details containing error [object Object]
[2019-07-26T12:07:04.882Z] info user successfully login
[2019-07-26T13:22:10.402Z] info server running 8000
[2019-07-26T13:22:29.546Z] error details containing error [object Object]
[2019-07-26T13:22:43.815Z] error enter correct password
[2019-07-26T13:22:52.340Z] info user successfully login
[2019-07-26T13:33:45.470Z] info server running 8000
[2019-07-26T13:34:33.222Z] info user successfully login
[2019-07-26T13:40:11.216Z] info user successfully login
[2019-07-26T13:40:50.918Z] info user successfully login
[2019-07-26T13:42:36.052Z] info user successfully login
[2019-07-26T13:43:07.701Z] info user successfully login
[2019-07-26T13:43:46.395Z] info user successfully login
[2019-07-26T13:51:16.771Z] error details containing error [object Object]
[2019-07-26T13:51:31.388Z] info user successfully login
[2019-07-26T14:03:23.507Z] info user successfully login
[2019-07-26T14:04:39.783Z] info user successfully login
[2019-07-26T14:13:04.704Z] info user successfully login
[2019-07-26T14:19:46.477Z] info user successfully login
[2019-07-26T14:21:05.713Z] info user successfully login
[2019-07-26T14:23:59.963Z] info username does not exists
[2019-07-26T14:24:22.584Z] info user successfully login
[2019-07-26T15:13:59.969Z] info user successfully login
[2019-07-26T15:14:58.551Z] info user successfully login
[2019-07-26T15:17:39.493Z] info user successfully login
[2019-07-26T15:18:43.941Z] info user successfully login
[2019-07-26T15:30:08.191Z] info user successfully login
[2019-07-26T15:32:56.028Z] info user successfully login
[2019-07-26T15:49:15.084Z] info user successfully login
[2019-07-26T15:50:18.000Z] info user successfully login
[2019-07-26T15:53:12.354Z] info user successfully login
[2019-07-26T15:58:18.009Z] error details containing error [object Object]
[2019-07-26T15:58:26.825Z] error enter correct password
[2019-07-26T15:58:39.141Z] info user successfully login
[2019-07-26T16:00:42.721Z] info user successfully login
[2019-07-26T16:02:13.184Z] info user successfully login
[2019-07-26T16:04:57.057Z] info user successfully login
[2019-07-26T16:08:07.431Z] info user successfully login
[2019-07-26T16:13:05.115Z] info user successfully login
[2019-07-26T16:21:07.253Z] error details containing error [object Object]
[2019-07-26T16:21:19.503Z] error enter correct password
[2019-07-26T16:21:22.508Z] info user successfully login
[2019-07-26T17:23:15.357Z] info user successfully login
[2019-07-26T17:24:12.283Z] info user successfully login
[2019-07-26T17:25:32.459Z] info user successfully login
[2019-07-26T17:26:16.257Z] info user successfully login
[2019-07-27T03:47:04.266Z] info server running 8000
[2019-07-27T06:34:56.084Z] info server running 8000
[2019-07-27T06:38:35.892Z] info user successfully login
[2019-07-27T08:45:30.345Z] info server running 8000
[2019-07-27T08:46:43.034Z] info user successfully login
[2019-07-27T08:48:20.848Z] info user successfully login
[2019-07-27T08:48:35.481Z] info user successfully login
[2019-07-27T08:49:25.566Z] info user successfully login
[2019-07-27T08:51:22.246Z] info user successfully login
[2019-07-27T09:00:21.388Z] info user successfully login
[2019-07-27T09:04:56.227Z] info user successfully login
[2019-07-27T09:05:31.969Z] info user successfully login
[2019-07-27T10:07:53.204Z] info server running 8000
[2019-07-27T10:08:03.356Z] info user successfully login
[2019-07-27T10:14:45.303Z] info user successfully login
[2019-07-29T08:40:56.660Z] info server running 8000
[2019-07-29T08:41:00.227Z] info user successfully login
[2019-07-29T08:41:19.574Z] info username does not exists
[2019-07-29T08:41:21.274Z] info username does not exists
[2019-07-29T08:42:15.762Z] info user successfully login
[2019-07-29T09:49:32.421Z] info user successfully login
[2019-07-29T09:57:15.142Z] info user successfully login
[2019-07-29T09:57:46.579Z] info user successfully login
[2019-07-29T09:58:13.018Z] info user successfully login
[2019-07-29T09:58:51.794Z] info user successfully login
[2019-07-29T09:59:40.785Z] info user successfully login
[2019-07-29T10:00:54.390Z] info user successfully login
[2019-07-29T10:02:19.776Z] info user successfully login
[2019-07-29T10:02:55.472Z] info user successfully login
[2019-07-29T10:07:17.251Z] info user successfully login
[2019-07-29T10:12:17.288Z] info user successfully login
[2019-07-29T10:12:43.489Z] info user successfully login
[2019-07-29T10:15:23.750Z] info user successfully login
[2019-07-29T10:16:05.977Z] info user successfully login
[2019-07-29T10:17:42.807Z] info user successfully login
[2019-07-29T12:57:46.690Z] info server running 8080
[2019-07-29T12:59:28.165Z] info user successfully login
[2019-07-29T13:01:00.719Z] info user successfully login
[2019-07-29T13:11:12.158Z] info user successfully login
[2019-07-29T13:18:42.263Z] info user successfully login
[2019-07-29T13:57:08.416Z] info user successfully login
[2019-07-29T13:58:44.469Z] info user successfully login
[2019-07-29T14:02:26.578Z] info user successfully login
[2019-07-29T14:03:46.516Z] info user successfully login
[2019-07-29T14:06:14.855Z] info user successfully login
[2019-07-29T14:10:15.720Z] info user successfully login
[2019-07-29T14:12:05.302Z] info user successfully login
[2019-07-29T14:12:51.522Z] info user successfully login
[2019-07-29T14:31:06.274Z] info server running 8080
[2019-07-29T14:31:33.532Z] info user successfully login
[2019-07-29T14:36:27.697Z] info server running 8080
[2019-07-29T14:37:39.134Z] info server running 8080
[2019-07-29T14:37:43.631Z] info user successfully login
[2019-07-29T14:37:52.700Z] info updated
[2019-07-29T14:39:55.665Z] info server running 8080
[2019-07-29T14:40:05.417Z] info user successfully login
[2019-07-29T14:44:07.324Z] info server running 8080
[2019-07-29T14:44:20.209Z] info user successfully login
[2019-07-29T14:44:20.333Z] info user successfully login
[2019-07-29T14:44:52.877Z] info image inserted
[2019-07-29T14:44:52.899Z] info updated
[2019-07-29T14:45:13.645Z] info user successfully login
[2019-07-29T14:46:21.372Z] info user successfully login
[2019-07-29T14:47:25.720Z] info user successfully login
[2019-07-29T14:49:37.981Z] info server running 8080
[2019-07-29T14:49:51.480Z] info user successfully login
[2019-07-29T15:38:15.421Z] info user successfully login
[2019-07-29T15:38:26.722Z] info image inserted
[2019-07-29T15:38:26.723Z] info updated
[2019-07-29T15:38:50.197Z] info user successfully login
[2019-07-29T16:02:15.353Z] info user successfully login
[2019-07-29T16:02:49.931Z] info user successfully login
[2019-07-29T16:04:50.575Z] info user successfully login
[2019-07-29T16:05:30.474Z] info user successfully login
[2019-07-29T16:07:02.449Z] info user successfully login
[2019-07-29T16:08:01.127Z] info user successfully login
[2019-07-29T16:08:28.558Z] info user successfully login
[2019-07-29T16:11:22.272Z] info user successfully login
[2019-07-29T16:14:07.867Z] info user successfully login
[2019-07-29T16:14:31.629Z] info user successfully login
[2019-07-29T16:20:07.189Z] info user successfully login
[2019-07-29T16:20:37.982Z] info user successfully login
[2019-07-29T16:23:49.726Z] info user successfully login
[2019-07-29T16:33:51.763Z] info user successfully login
[2019-07-29T16:35:53.623Z] info user successfully login
[2019-07-29T16:41:40.486Z] info user successfully login
[2019-07-29T18:15:49.794Z] info user successfully login
[2019-07-29T18:24:59.816Z] info user successfully login
[2019-07-29T18:26:35.143Z] info user successfully login
[2019-07-29T18:28:09.683Z] info user successfully login
[2019-07-29T18:29:09.313Z] info user successfully login
[2019-07-29T18:29:46.983Z] info user successfully login
[2019-07-29T18:30:36.714Z] info user successfully login
[2019-07-29T18:31:37.241Z] info user successfully login
[2019-07-29T18:33:12.732Z] info user successfully login
[2019-07-29T18:35:12.869Z] info user successfully login
[2019-07-29T18:38:12.422Z] info user successfully login
[2019-07-29T18:38:50.887Z] info user successfully login
[2019-07-29T18:39:23.160Z] info user successfully login
[2019-07-29T18:40:32.279Z] info user successfully login
[2019-07-29T18:41:18.628Z] info user successfully login
[2019-07-29T18:41:46.831Z] info user successfully login
[2019-07-29T18:42:44.367Z] info user successfully login
[2019-07-29T18:44:49.006Z] info user successfully login
[2019-07-29T18:45:59.123Z] info user successfully login
[2019-07-29T18:46:59.250Z] info user successfully login
[2019-07-29T18:55:10.212Z] info user successfully login
[2019-07-29T18:56:14.757Z] info user successfully login
[2019-07-30T04:16:57.025Z] info server running 8080
[2019-07-30T04:17:17.989Z] info user successfully login
[2019-07-30T05:00:16.338Z] info user successfully login
[2019-07-30T05:01:20.817Z] info user successfully login
[2019-07-30T05:02:35.879Z] info user successfully login
[2019-07-30T05:08:41.867Z] info user successfully login
[2019-07-30T05:10:12.166Z] info user successfully login
[2019-07-30T05:15:00.136Z] info user successfully login
[2019-07-30T05:24:10.007Z] info user successfully login
[2019-07-30T05:26:37.737Z] info user successfully login
[2019-07-30T05:32:49.738Z] info user successfully login
[2019-07-30T05:53:28.641Z] info user successfully login
[2019-07-30T05:55:13.476Z] info user successfully login
[2019-07-30T05:58:04.037Z] info user successfully login
[2019-07-30T05:58:26.203Z] info user successfully login
[2019-07-30T06:00:00.724Z] error enter correct password
[2019-07-30T06:00:10.651Z] info user successfully login
[2019-07-30T06:01:35.705Z] info user successfully login
[2019-07-30T06:08:47.126Z] info user successfully login
[2019-07-30T06:11:41.448Z] info user successfully login
[2019-07-30T06:36:21.217Z] info user successfully login
[2019-07-30T06:42:53.209Z] info server running 8080
[2019-07-30T06:45:41.244Z] info server running 8080
[2019-07-30T06:51:13.430Z] info server running 8080
[2019-07-30T06:53:44.878Z] info server running 8080
[2019-07-30T06:54:46.574Z] info server running 8080
[2019-07-30T06:55:06.453Z] info server running 8080
[2019-07-30T06:55:32.118Z] info server running 8080
[2019-07-30T06:57:44.011Z] info server running 8080
[2019-07-30T06:58:19.866Z] info server running 8080
[2019-07-30T06:59:03.941Z] info server running 8080
[2019-07-30T07:00:32.740Z] info server running 8080
[2019-07-30T07:06:49.823Z] info user successfully login
[2019-07-30T07:09:45.565Z] info server running 8080
[2019-07-30T07:10:33.844Z] info server running 8080
[2019-07-30T07:10:56.835Z] info server running 8080
[2019-07-30T07:16:38.903Z] info server running 8080
[2019-07-30T07:18:05.681Z] info user successfully login
[2019-07-30T07:23:56.814Z] info user successfully login
[2019-07-30T07:24:27.130Z] info user successfully login
[2019-07-30T07:24:43.674Z] info user successfully login
[2019-07-30T07:25:49.081Z] info user successfully login
[2019-07-30T07:26:33.818Z] info user successfully login
[2019-07-30T08:30:37.864Z] info user successfully login
[2019-07-30T08:32:12.003Z] info user successfully login
[2019-07-30T08:42:04.530Z] info user successfully login
[2019-07-30T08:43:11.584Z] info user successfully login
[2019-07-30T08:44:45.096Z] info user successfully login
[2019-07-30T08:45:44.029Z] info user successfully login
[2019-07-30T08:49:25.801Z] info image inserted
[2019-07-30T08:49:25.802Z] info updated
[2019-07-30T08:49:48.165Z] info user successfully login
[2019-07-30T08:51:46.499Z] info user successfully login
[2019-07-30T08:52:01.590Z] info image inserted
[2019-07-30T08:52:01.594Z] info updated
[2019-07-30T08:54:01.598Z] info image inserted
[2019-07-30T08:54:01.598Z] info updated
[2019-07-30T08:55:04.146Z] info user successfully login
[2019-07-30T08:55:12.851Z] info image inserted
[2019-07-30T08:55:12.852Z] info updated
[2019-07-30T09:00:08.435Z] info user successfully login
[2019-07-30T09:00:33.201Z] info image inserted
[2019-07-30T09:00:33.204Z] info updated
[2019-07-30T09:02:11.314Z] info user successfully login
[2019-07-30T09:02:25.343Z] info image inserted
[2019-07-30T09:02:25.344Z] info updated
[2019-07-30T09:02:53.269Z] info image inserted
[2019-07-30T09:02:53.270Z] info updated
[2019-07-30T09:04:30.196Z] info user successfully login
[2019-07-30T09:04:42.308Z] info image inserted
[2019-07-30T09:04:42.309Z] info updated
[2019-07-30T09:08:23.726Z] info server running 8080
[2019-07-30T09:09:06.814Z] info server running 8080
[2019-07-30T09:09:16.966Z] info server running 8080
[2019-07-30T09:10:12.959Z] info user successfully login
[2019-07-30T09:10:22.449Z] info profile updated 
[2019-07-30T09:10:22.450Z] info updated
[2019-07-30T09:11:32.197Z] info user successfully login
[2019-07-30T09:11:41.259Z] info profile updated 
[2019-07-30T09:11:41.260Z] info updated
[2019-07-30T09:14:15.274Z] info user successfully login
[2019-07-30T09:14:23.988Z] info profile updated 
[2019-07-30T09:14:23.989Z] info updated
[2019-07-30T09:16:23.999Z] info profile updated 
[2019-07-30T09:16:24.000Z] info updated
[2019-07-30T09:23:57.194Z] info user successfully login
[2019-07-30T09:24:08.089Z] info profile updated 
[2019-07-30T09:24:08.091Z] info updated
[2019-07-30T09:26:12.048Z] info user successfully login
[2019-07-30T09:26:22.962Z] info profile updated 
[2019-07-30T09:26:22.963Z] info updated
[2019-07-30T09:27:52.752Z] info user successfully login
[2019-07-30T09:28:01.235Z] info profile updated 
[2019-07-30T09:28:01.235Z] info updated
[2019-07-30T09:28:37.144Z] info user successfully login
[2019-07-30T09:28:43.610Z] info profile updated 
[2019-07-30T09:28:43.610Z] info updated
[2019-07-30T09:29:55.587Z] info user successfully login
[2019-07-30T09:30:04.028Z] info profile updated 
[2019-07-30T09:30:04.028Z] info updated
[2019-07-30T10:24:13.300Z] info user successfully login
[2019-07-30T10:26:41.031Z] info user successfully login
[2019-07-30T10:27:43.426Z] info user successfully login
[2019-07-30T10:31:13.395Z] info user successfully login
[2019-07-30T10:32:45.226Z] info user successfully login
[2019-07-30T10:38:11.823Z] info user successfully login
[2019-07-30T10:40:07.123Z] info user successfully login
[2019-07-30T11:10:15.714Z] info user successfully login
[2019-07-30T11:12:37.909Z] info user successfully login
[2019-07-30T11:15:35.132Z] info user successfully login
[2019-07-30T11:16:31.099Z] info user successfully login
[2019-07-30T11:19:47.814Z] info user successfully login
[2019-07-30T11:21:15.041Z] info user successfully login
[2019-07-30T11:22:26.075Z] info user successfully login
[2019-07-30T11:25:01.269Z] info user successfully login
[2019-07-30T11:26:39.823Z] info user successfully login
[2019-07-30T11:27:54.070Z] info user successfully login
[2019-07-30T11:29:49.137Z] info user successfully login
[2019-07-30T11:31:11.776Z] info user successfully login
[2019-07-30T11:35:02.375Z] info user successfully login
[2019-07-30T11:35:56.824Z] info user successfully login
[2019-07-30T11:36:55.481Z] info user successfully login
[2019-07-30T11:38:35.108Z] info user successfully login
[2019-07-30T11:41:38.247Z] info user successfully login
[2019-07-30T11:56:55.593Z] info user successfully login
[2019-07-30T11:57:00.646Z] error upload an image
[2019-07-30T11:58:58.769Z] info user successfully login
[2019-07-30T11:59:02.547Z] error upload an image
[2019-07-30T11:59:34.235Z] info server running 8080
[2019-07-30T11:59:48.632Z] info server running 8080
[2019-07-30T12:00:18.536Z] info user successfully login
[2019-07-30T12:00:24.738Z] error upload an image
[2019-07-30T12:02:33.209Z] info user successfully login
[2019-07-30T12:02:40.482Z] info cover image updated
[2019-07-30T12:06:02.617Z] info user successfully login
[2019-07-30T12:06:42.674Z] info cover image updated
[2019-07-30T12:11:09.369Z] info server running 8080
[2019-07-30T12:11:51.844Z] info user successfully login
[2019-07-30T12:12:03.334Z] info cover image updated
[2019-07-30T12:15:54.302Z] info user successfully login
[2019-07-30T12:16:41.883Z] info cover image updated
[2019-07-30T12:19:17.785Z] info user successfully login
[2019-07-30T12:20:46.045Z] info user successfully login
[2019-07-30T12:21:05.228Z] info cover image updated
[2019-07-30T12:30:07.967Z] info user successfully login
[2019-07-30T12:30:29.621Z] info cover image updated
[2019-07-30T12:30:50.199Z] info user successfully login
[2019-07-30T12:36:17.908Z] info user successfully login
[2019-07-30T12:36:23.457Z] info cover image updated
[2019-07-30T12:37:21.044Z] info user successfully login
[2019-07-30T12:37:45.906Z] info cover image updated
[2019-07-30T12:39:35.935Z] info user successfully login
[2019-07-30T12:39:43.266Z] info cover image updated
[2019-07-30T12:40:16.166Z] info user successfully login
[2019-07-30T12:40:22.706Z] info cover image updated
[2019-07-30T12:44:16.086Z] info user successfully login
[2019-07-30T12:44:31.546Z] info cover image updated
[2019-07-30T12:45:52.655Z] info user successfully login
[2019-07-30T12:49:35.417Z] info user successfully login
[2019-07-30T12:51:07.748Z] info user successfully login
[2019-07-30T12:52:22.465Z] info user successfully login
[2019-07-30T12:53:19.774Z] info user successfully login
[2019-07-30T12:53:31.290Z] info cover image updated
[2019-07-30T12:54:31.954Z] info user successfully login
[2019-07-30T12:54:53.941Z] info cover image updated
[2019-07-30T12:55:53.732Z] info user successfully login
[2019-07-30T12:56:46.083Z] info cover image updated
[2019-07-30T12:57:54.756Z] info user successfully login
[2019-07-30T12:59:21.314Z] info user successfully login
[2019-07-30T12:59:43.291Z] info cover image updated
[2019-07-30T13:02:14.875Z] info user successfully login
[2019-07-30T13:04:31.875Z] info server running 8080
[2019-07-30T13:04:35.820Z] info server running 8080
[2019-07-30T13:05:01.241Z] info user successfully login
[2019-07-30T13:05:06.894Z] info cover image updated
[2019-07-30T13:07:56.950Z] info server running 8080
[2019-07-30T13:08:19.108Z] info server running 8080
[2019-07-30T13:08:30.259Z] info user successfully login
[2019-07-30T13:08:47.006Z] info cover image updated
[2019-07-30T13:10:41.958Z] info user successfully login
[2019-07-30T13:10:47.212Z] info cover image updated
[2019-07-30T13:11:44.293Z] info server running 8080
[2019-07-30T13:12:31.022Z] info user successfully login
[2019-07-30T13:12:37.587Z] info cover image updated
[2019-07-30T13:14:06.807Z] info user successfully login
[2019-07-30T13:14:11.593Z] info cover image updated
[2019-07-30T13:14:50.718Z] info user successfully login
[2019-07-30T13:14:55.966Z] info cover image updated
[2019-07-30T13:15:19.638Z] info user successfully login
[2019-07-30T13:15:25.614Z] info cover image updated
[2019-07-30T13:25:05.198Z] info server running 8080
[2019-07-30T13:25:26.285Z] info user successfully login
[2019-07-30T13:25:32.322Z] info cover image updated
[2019-07-30T13:26:29.612Z] info user successfully login
[2019-07-30T13:26:35.609Z] info cover image updated
[2019-07-30T13:27:10.686Z] info user successfully login
[2019-07-30T13:27:14.187Z] info cover image updated
[2019-07-30T13:27:47.077Z] info server running 8080
[2019-07-30T13:28:15.040Z] info user successfully login
[2019-07-30T13:28:23.594Z] info cover image updated
[2019-07-30T13:28:33.888Z] info cover image updated
[2019-07-30T13:29:08.018Z] info server running 8080
[2019-07-30T13:29:57.428Z] info server running 8080
[2019-07-30T13:32:12.607Z] info user successfully login
[2019-07-30T13:32:19.615Z] info cover image updated
[2019-07-30T13:33:39.560Z] info user successfully login
[2019-07-30T13:33:47.394Z] info cover image updated
[2019-07-30T13:35:46.756Z] info user successfully login
[2019-07-30T13:35:56.046Z] info cover image updated
[2019-07-30T13:36:56.144Z] info user successfully login
[2019-07-30T13:37:01.285Z] info cover image updated
[2019-07-30T13:48:04.429Z] info user successfully login
[2019-07-30T13:48:14.239Z] info cover image updated
[2019-07-30T13:49:50.293Z] info user successfully login
[2019-07-30T13:49:56.031Z] info cover image updated
[2019-07-30T13:55:09.497Z] info user successfully login
[2019-07-30T13:56:39.439Z] info user successfully login
[2019-07-30T13:59:37.192Z] info user successfully login
[2019-07-30T14:02:26.766Z] info user successfully login
[2019-07-30T14:18:54.707Z] info user successfully login
[2019-07-30T14:20:45.639Z] info user successfully login
[2019-07-30T15:20:46.842Z] info user successfully login
[2019-07-30T15:22:57.652Z] info user successfully login
[2019-07-30T15:24:57.976Z] info user successfully login
[2019-07-30T15:26:39.678Z] info user successfully login
[2019-07-30T15:28:13.834Z] info user successfully login
[2019-07-30T15:28:21.455Z] info cover image updated
[2019-07-30T15:30:08.944Z] info server running 8080
[2019-07-30T15:30:35.666Z] info user successfully login
[2019-07-30T15:31:07.881Z] info server running 8080
[2019-07-30T15:31:35.615Z] info server running 8080
[2019-07-30T15:33:23.132Z] info user successfully login
[2019-07-30T15:49:24.391Z] info user successfully login
[2019-07-30T15:50:01.296Z] info user successfully login
[2019-07-30T15:50:55.427Z] info server running 8080
[2019-07-30T15:51:01.079Z] info server running 8080
[2019-07-30T15:52:53.946Z] info profile image updated
[2019-07-30T15:53:21.886Z] info server running 8080
[2019-07-30T15:53:43.977Z] info cover image updated
[2019-07-30T15:53:58.127Z] info user successfully login
[2019-07-30T16:25:16.811Z] info user successfully login
[2019-07-30T16:30:52.228Z] info user successfully login
[2019-07-30T16:32:37.040Z] info user successfully login
[2019-07-30T16:33:56.202Z] info user successfully login
[2019-07-30T16:35:34.092Z] info user successfully login
[2019-07-30T16:37:06.053Z] info user successfully login
[2019-07-30T16:38:57.709Z] info user successfully login
[2019-07-30T16:39:31.228Z] info user successfully login
[2019-07-30T16:45:22.410Z] info user successfully login
[2019-07-30T16:47:51.552Z] info user successfully login
[2019-07-30T16:51:58.169Z] info user successfully login
[2019-07-30T16:52:56.663Z] info user successfully login
[2019-07-30T16:55:01.130Z] info user successfully login
[2019-07-30T16:57:04.125Z] info user successfully login
[2019-07-30T16:58:14.176Z] info user successfully login
[2019-07-30T17:46:04.309Z] info user successfully login
[2019-07-30T17:49:26.088Z] info user successfully login
[2019-07-30T17:56:56.341Z] info user successfully login
[2019-07-30T17:58:10.243Z] error enter correct password
[2019-07-30T17:58:15.516Z] info user successfully login
[2019-07-30T18:00:22.103Z] info user successfully login
[2019-07-30T18:02:19.165Z] info user successfully login
[2019-07-30T18:03:28.109Z] info user successfully login
[2019-07-30T18:05:05.320Z] info user successfully login
[2019-07-30T18:14:51.212Z] info user successfully login
[2019-07-30T18:15:25.597Z] info user successfully login
[2019-07-30T18:22:16.675Z] info user successfully login
[2019-07-30T18:27:00.559Z] info user successfully login
[2019-07-30T18:27:55.514Z] info user successfully login
[2019-07-30T18:28:39.968Z] info user successfully login
[2019-07-30T18:29:49.462Z] info user successfully login
[2019-07-30T18:30:11.795Z] info user successfully login
[2019-07-30T18:31:31.332Z] info user successfully login
[2019-07-30T18:37:01.066Z] info user successfully login
[2019-07-30T18:38:01.667Z] info user successfully login
[2019-07-30T18:56:06.623Z] info user successfully login
[2019-07-30T18:56:50.747Z] info user successfully login
[2019-07-30T18:59:18.313Z] info user successfully login
[2019-07-30T19:03:07.483Z] info user successfully login
[2019-07-30T19:03:42.483Z] info user successfully login
[2019-07-30T19:10:11.455Z] info user successfully login
[2019-07-30T19:11:44.636Z] info user successfully login
[2019-07-30T19:23:18.142Z] info user successfully login
[2019-07-30T19:30:54.298Z] info user successfully login
[2019-07-30T19:32:11.714Z] info user successfully login
[2019-07-30T19:33:21.646Z] error enter correct password
[2019-07-30T19:33:26.811Z] info user successfully login
[2019-07-31T03:49:56.731Z] info server running 8080
[2019-07-31T03:52:41.784Z] info user successfully login
[2019-07-31T04:01:47.911Z] info profile image updated
[2019-07-31T04:02:19.964Z] info cover image updated
[2019-07-31T04:34:52.708Z] info user successfully login
[2019-07-31T05:14:53.780Z] info server running 8080
[2019-07-31T05:14:56.014Z] info user successfully login
[2019-07-31T05:15:02.205Z] info cover image updated
[2019-07-31T05:17:52.109Z] info server running 8080
[2019-07-31T05:18:10.218Z] info server running 8080
[2019-07-31T05:18:57.644Z] info server running 8080
[2019-07-31T05:20:11.432Z] info user successfully login
[2019-07-31T05:20:21.721Z] info profile image updated
[2019-07-31T05:20:33.895Z] info cover image updated
[2019-07-31T05:29:17.440Z] info user successfully login
[2019-07-31T05:34:48.505Z] info user successfully login
[2019-07-31T05:38:31.934Z] info user successfully login
[2019-07-31T05:41:16.599Z] info user successfully login
[2019-07-31T05:42:28.110Z] info cover image updated
[2019-07-31T05:45:17.240Z] info server running 8080
[2019-07-31T05:45:35.454Z] info server running 8080
[2019-07-31T05:45:59.346Z] info user successfully login
[2019-07-31T05:46:05.846Z] info profile updated 
[2019-07-31T05:46:05.847Z] info updated
[2019-07-31T05:47:33.565Z] info user successfully login
[2019-07-31T05:47:44.614Z] info profile updated 
[2019-07-31T05:47:44.615Z] info updated
[2019-07-31T05:48:18.187Z] info user successfully login
[2019-07-31T05:48:25.583Z] info profile updated 
[2019-07-31T05:48:25.584Z] info updated
[2019-07-31T05:49:28.586Z] info user successfully login
[2019-07-31T05:50:24.244Z] info user successfully login
[2019-07-31T05:50:31.503Z] info profile updated 
[2019-07-31T05:50:31.503Z] info updated
[2019-07-31T05:51:58.018Z] info user successfully login
[2019-07-31T05:52:03.304Z] info profile updated 
[2019-07-31T05:52:03.305Z] info updated
[2019-07-31T06:00:12.020Z] info user successfully login
[2019-07-31T06:00:20.146Z] info profile updated 
[2019-07-31T06:00:20.147Z] info updated
[2019-07-31T06:02:07.025Z] info user successfully login
[2019-07-31T06:02:14.308Z] info profile updated 
[2019-07-31T06:02:14.309Z] info updated
[2019-07-31T06:03:07.061Z] info user successfully login
[2019-07-31T06:03:11.908Z] info profile updated 
[2019-07-31T06:03:11.908Z] info updated
[2019-07-31T06:06:32.195Z] info user successfully login
[2019-07-31T06:08:23.763Z] info user successfully login
[2019-07-31T06:18:45.496Z] info profile image updated
[2019-07-31T06:27:53.770Z] info user successfully login
[2019-07-31T08:37:21.869Z] info server running 8000
[2019-07-31T08:37:44.599Z] info user successfully login
[2019-07-31T08:37:52.169Z] info profile image updated
[2019-07-31T08:38:18.082Z] info cover image updated
[2019-07-31T08:38:33.208Z] info user successfully login
[2019-07-31T08:42:21.184Z] info profile image updated
[2019-07-31T08:42:44.360Z] info user successfully login
[2019-07-31T08:46:42.088Z] info user successfully login
[2019-07-31T08:46:57.658Z] info user successfully login
[2019-07-31T08:47:05.808Z] info profile image updated
[2019-07-31T08:48:03.917Z] info user successfully login
[2019-07-31T08:50:48.147Z] error enter correct password
[2019-07-31T08:50:57.713Z] info user successfully login
[2019-07-31T08:59:00.010Z] info user successfully login
[2019-07-31T09:03:14.828Z] info profile updated 
[2019-07-31T09:03:14.829Z] info updated
[2019-07-31T09:03:35.879Z] info profile updated 
[2019-07-31T09:03:35.880Z] info updated
[2019-07-31T09:04:02.168Z] info profile updated 
[2019-07-31T09:04:02.169Z] info updated
[2019-07-31T09:14:44.663Z] info user successfully login
[2019-07-31T09:15:15.362Z] info user successfully login
[2019-07-31T09:15:36.212Z] info profile updated 
[2019-07-31T09:15:36.212Z] info updated
[2019-07-31T09:17:45.750Z] info user successfully login
[2019-07-31T09:18:11.977Z] info user successfully login
[2019-07-31T09:20:36.637Z] info user successfully login
[2019-07-31T09:23:15.572Z] info user successfully login
[2019-07-31T09:26:23.760Z] info user successfully login
[2019-07-31T09:33:00.013Z] info user successfully login
[2019-07-31T09:33:22.348Z] info user successfully login
[2019-07-31T09:35:34.633Z] info profile image updated
[2019-07-31T09:37:05.014Z] info user successfully login
[2019-07-31T09:43:09.478Z] info user successfully login
[2019-07-31T09:44:40.159Z] error enter correct password
[2019-07-31T09:44:46.880Z] info user successfully login
[2019-07-31T09:46:54.983Z] info user successfully login
[2019-07-31T09:47:27.252Z] info user successfully login
[2019-07-31T09:48:32.209Z] info user successfully login
[2019-07-31T09:52:50.689Z] info user successfully login
[2019-07-31T09:56:11.850Z] info user successfully login
[2019-07-31T10:00:49.043Z] info user successfully login
[2019-07-31T10:07:50.113Z] info user successfully login
[2019-07-31T10:11:06.790Z] info user successfully login
[2019-07-31T10:11:33.943Z] info user successfully login
[2019-07-31T10:11:53.231Z] info user successfully login
[2019-07-31T10:12:04.887Z] info user successfully login
[2019-07-31T10:12:26.109Z] info user successfully login
[2019-07-31T10:20:56.815Z] info user successfully login
[2019-07-31T10:21:51.240Z] info profile image updated
[2019-07-31T10:22:09.614Z] info cover image updated
[2019-07-31T10:22:20.946Z] info profile updated 
[2019-07-31T10:22:20.946Z] info updated
[2019-07-31T12:02:49.803Z] info user successfully login
[2019-07-31T12:03:07.848Z] info cover image updated
[2019-07-31T12:06:24.448Z] info user successfully login
[2019-07-31T12:09:09.280Z] info user successfully login
[2019-07-31T12:21:20.253Z] info server running 8000
[2019-07-31T12:22:04.960Z] info user successfully login
[2019-07-31T15:49:39.671Z] info server running 8000
[2019-07-31T15:51:14.046Z] info user successfully login
[2019-07-31T15:51:58.359Z] info user successfully login
[2019-07-31T15:52:22.559Z] info user successfully login
[2019-07-31T15:53:51.767Z] info user successfully login
[2019-07-31T15:54:48.610Z] info user successfully login
[2019-07-31T15:55:13.074Z] info user successfully login
[2019-07-31T16:11:15.906Z] info user successfully login
[2019-07-31T16:16:12.787Z] info user successfully login
[2019-07-31T16:16:53.901Z] info user successfully login
[2019-07-31T16:24:47.474Z] info user successfully login
[2019-07-31T16:26:55.127Z] info user successfully login
[2019-07-31T16:27:10.446Z] info user successfully login
[2019-07-31T16:27:29.168Z] info user successfully login
[2019-07-31T16:27:50.831Z] info user successfully login
[2019-07-31T16:28:34.531Z] info user successfully login
[2019-07-31T16:30:18.313Z] info user successfully login
[2019-07-31T16:31:18.482Z] info user successfully login
[2019-07-31T16:32:07.625Z] info user successfully login
[2019-07-31T16:54:56.272Z] info user successfully login
[2019-07-31T17:06:05.235Z] info user successfully login
[2019-07-31T17:08:47.026Z] info user successfully login
[2019-07-31T17:11:38.573Z] info user successfully login
[2019-07-31T17:17:37.832Z] info user successfully login
[2019-07-31T17:24:03.709Z] info user successfully login
[2019-07-31T17:24:46.440Z] info user successfully login
[2019-07-31T17:38:01.897Z] info user successfully login
[2019-07-31T17:42:29.248Z] info server running 8000
[2019-07-31T17:43:38.859Z] info server running 8000
[2019-07-31T17:46:37.196Z] info server running 8000
[2019-07-31T17:47:09.916Z] info server running 8000
[2019-07-31T17:51:03.330Z] info user successfully login
[2019-07-31T18:03:06.490Z] info user successfully login
[2019-07-31T18:07:10.190Z] info user successfully login
[2019-07-31T18:08:57.758Z] info user successfully login
[2019-07-31T18:10:17.132Z] info user successfully login
[2019-07-31T18:12:12.503Z] info user successfully login
[2019-07-31T18:45:20.937Z] info user successfully login
[2019-07-31T18:45:54.340Z] info user successfully login
[2019-07-31T18:53:42.364Z] info user successfully login
[2019-07-31T19:01:12.206Z] info user successfully login
[2019-07-31T19:22:16.521Z] info user successfully login
[2019-07-31T19:23:49.270Z] info user successfully login
[2019-07-31T19:25:29.225Z] info user successfully login
[2019-07-31T19:30:54.637Z] info user successfully login
[2019-07-31T19:33:58.095Z] info user successfully login
[2019-07-31T19:38:37.009Z] info user successfully login
[2019-07-31T19:40:33.009Z] info user successfully login
[2019-07-31T19:46:37.995Z] info user successfully login
[2019-07-31T19:56:59.521Z] info user successfully login
[2019-07-31T19:57:21.460Z] info user successfully login
[2019-07-31T20:00:19.147Z] info user successfully login
[2019-07-31T20:08:54.715Z] info user successfully login
[2019-07-31T20:09:55.163Z] info user successfully login
[2019-07-31T20:10:59.849Z] info user successfully login
[2019-07-31T20:14:12.302Z] info user successfully login
[2019-07-31T20:17:39.010Z] info user successfully login
[2019-07-31T20:20:20.831Z] info user successfully login
[2019-07-31T20:23:46.688Z] info user successfully login
[2019-07-31T20:29:08.117Z] info user successfully login
[2019-07-31T20:30:07.125Z] info user successfully login
[2019-07-31T20:33:15.497Z] info user successfully login
[2019-07-31T20:34:34.648Z] info user successfully login
[2019-07-31T20:35:26.774Z] info user successfully login
[2019-07-31T20:36:00.568Z] info user successfully login
[2019-07-31T20:36:42.043Z] info user successfully login
[2019-07-31T20:38:13.305Z] info user successfully login
[2019-07-31T20:40:55.437Z] info user successfully login
[2019-07-31T20:45:12.116Z] error enter correct password
[2019-07-31T20:45:21.588Z] info user successfully login
[2019-07-31T20:47:17.971Z] info user successfully login
[2019-07-31T20:49:12.701Z] info user successfully login
[2019-07-31T20:52:00.343Z] info user successfully login
[2019-07-31T20:54:16.735Z] info user successfully login
[2019-07-31T21:01:01.746Z] info user successfully login
[2019-07-31T21:08:05.557Z] info user successfully login
[2019-08-01T15:21:41.128Z] info server running 8000
[2019-08-01T15:21:59.638Z] info user successfully login
[2019-08-01T15:22:45.381Z] info user successfully login
[2019-08-01T15:23:00.196Z] info profile image updated
[2019-08-01T15:24:20.424Z] info user successfully login
[2019-08-01T15:24:56.473Z] info profile image updated
[2019-08-01T15:26:08.826Z] info user successfully login
[2019-08-01T15:27:00.109Z] info user successfully login
[2019-08-01T15:28:07.000Z] info user successfully login
[2019-08-01T15:32:04.021Z] info user successfully login
[2019-08-01T15:38:04.073Z] info user successfully login
[2019-08-01T15:45:55.941Z] info user successfully login
[2019-08-01T15:55:23.218Z] info user successfully login
[2019-08-01T15:58:28.972Z] info user successfully login
[2019-08-01T16:07:46.793Z] info user successfully login
[2019-08-01T16:19:41.201Z] info user successfully login
[2019-08-01T16:24:55.289Z] info user successfully login
[2019-08-01T16:26:56.501Z] info user successfully login
[2019-08-01T16:33:46.049Z] info user successfully login
[2019-08-01T16:36:17.706Z] info user successfully login
[2019-08-01T16:37:35.239Z] error enter correct password
[2019-08-01T16:37:38.332Z] error enter correct password
[2019-08-01T16:37:46.866Z] info user successfully login
[2019-08-01T16:47:14.205Z] info user successfully login
[2019-08-01T17:00:31.654Z] info user successfully login
[2019-08-01T17:04:53.299Z] info user successfully login
[2019-08-01T17:05:39.049Z] info user successfully login
[2019-08-01T17:09:00.776Z] info user successfully login
[2019-08-01T17:16:26.337Z] info user successfully login
[2019-08-01T17:20:10.121Z] info user successfully login
[2019-08-01T17:23:40.026Z] info user successfully login
[2019-08-01T17:31:15.079Z] info cover image updated
[2019-08-01T17:31:23.290Z] info profile image updated
[2019-08-01T17:35:44.010Z] info user successfully login
[2019-08-01T17:38:52.284Z] info user successfully login
[2019-08-01T17:40:08.867Z] info user successfully login
[2019-08-01T17:48:40.571Z] info user successfully login
[2019-08-01T17:53:40.200Z] info profile updated 
[2019-08-01T17:53:40.201Z] info updated
[2019-08-01T17:57:39.340Z] info user successfully login
[2019-08-01T17:59:42.383Z] info user successfully login
[2019-08-01T18:01:55.833Z] info user successfully login
[2019-08-01T18:02:45.792Z] info user successfully login
[2019-08-01T18:07:02.383Z] info user successfully login
[2019-08-01T18:11:45.612Z] info user successfully login
[2019-08-01T18:13:46.115Z] info user successfully login
[2019-08-01T18:37:51.977Z] info user successfully login
[2019-08-01T18:38:59.068Z] info user successfully login
[2019-08-01T18:40:51.831Z] info user successfully login
[2019-08-01T18:43:20.618Z] info user successfully login
[2019-08-01T18:45:41.590Z] info user successfully login
[2019-08-01T18:48:33.809Z] info user successfully login
[2019-08-01T18:49:32.376Z] info user successfully login
[2019-08-01T18:50:52.294Z] info user successfully login
[2019-08-01T18:51:55.871Z] info user successfully login
[2019-08-01T19:02:08.172Z] info user successfully login
[2019-08-01T19:05:53.799Z] info user successfully login
[2019-08-01T19:22:54.465Z] info user successfully login
[2019-08-01T19:29:08.161Z] info user successfully login
[2019-08-01T19:30:26.864Z] info user successfully login
[2019-08-01T19:35:03.862Z] info user successfully login
[2019-08-01T19:39:39.769Z] info user successfully login
[2019-08-01T19:40:37.932Z] info user successfully login
[2019-08-01T19:45:54.088Z] info user successfully login
[2019-08-01T20:08:16.816Z] info user successfully login
[2019-08-01T20:18:04.018Z] info user successfully login
[2019-08-01T20:43:40.455Z] info user successfully login
[2019-08-01T21:01:48.800Z] info user successfully login
[2019-08-01T21:03:02.150Z] info user successfully login
[2019-08-01T21:03:22.379Z] info user successfully login
[2019-08-01T21:13:50.143Z] info server running 8000
[2019-08-01T21:15:15.227Z] info server running 8000
[2019-08-01T21:16:00.475Z] info user successfully login
[2019-08-01T21:16:49.745Z] info server running 8000
[2019-08-01T21:17:13.997Z] info user successfully login
[2019-08-01T21:24:25.894Z] info username does not exists
[2019-08-01T21:25:15.801Z] info user created
[2019-08-01T21:25:44.468Z] info user created
[2019-08-01T21:26:07.909Z] info user created
[2019-08-01T21:26:37.130Z] info user created
[2019-08-01T21:27:05.826Z] info user created
[2019-08-01T21:27:09.666Z] info user successfully login
[2019-08-01T21:27:30.122Z] info user successfully login
[2019-08-01T21:28:46.335Z] info user successfully login
[2019-08-01T21:30:06.235Z] info user successfully login
[2019-08-01T21:30:37.351Z] info user successfully login
[2019-08-01T22:15:50.178Z] info user successfully login
[2019-08-01T22:27:18.593Z] info user successfully login
[2019-08-01T22:43:51.600Z] info user successfully login
[2019-08-01T22:55:28.310Z] info user successfully login
[2019-08-01T22:59:24.603Z] info user successfully login
[2019-08-01T23:12:09.470Z] info user successfully login
[2019-08-01T23:12:40.405Z] info user successfully login
[2019-08-01T23:27:56.113Z] info user successfully login
[2019-08-01T23:28:07.135Z] info user successfully login
[2019-08-01T23:28:32.963Z] info user successfully login
[2019-08-01T23:31:13.504Z] info user successfully login
[2019-08-01T23:31:30.929Z] info user successfully login
[2019-08-01T23:31:46.775Z] info user successfully login
[2019-08-01T23:32:06.327Z] info user successfully login
[2019-08-01T23:32:24.604Z] info user successfully login
[2019-08-01T23:33:04.579Z] info user successfully login
[2019-08-01T23:34:26.315Z] info user successfully login
[2019-08-01T23:35:17.200Z] info user successfully login
[2019-08-01T23:35:28.210Z] info user successfully login
[2019-08-01T23:35:54.995Z] info user successfully login
[2019-08-01T23:37:37.161Z] info user successfully login
[2019-08-01T23:38:51.761Z] info user successfully login
[2019-08-01T23:39:20.530Z] info user successfully login
[2019-08-01T23:39:38.750Z] info user successfully login
[2019-08-01T23:39:56.366Z] info user successfully login
[2019-08-02T03:14:22.937Z] info user successfully login
[2019-08-02T03:14:41.539Z] info user successfully login
[2019-08-02T03:36:27.576Z] info user successfully login
[2019-08-02T03:59:05.882Z] info user successfully login
[2019-08-02T04:05:16.665Z] info server running 8000
[2019-08-02T04:07:53.592Z] info user successfully login
[2019-08-02T04:08:05.184Z] info user successfully login
[2019-08-02T04:10:02.866Z] info user successfully login
[2019-08-02T04:10:11.157Z] info cover image updated
[2019-08-02T04:10:20.009Z] info profile image updated
[2019-08-02T04:12:16.031Z] info profile updated 
[2019-08-02T04:12:16.031Z] info updated
[2019-08-02T04:26:24.044Z] info user successfully login
[2019-08-02T04:29:02.489Z] info user successfully login
[2019-08-02T04:31:20.452Z] info user successfully login
[2019-08-02T04:32:22.808Z] info user successfully login
[2019-08-02T04:40:36.611Z] info user successfully login
[2019-08-02T04:44:38.587Z] info user successfully login
[2019-08-02T04:47:29.835Z] info user successfully login
[2019-08-02T04:50:16.389Z] info user successfully login
[2019-08-02T04:53:00.299Z] info user successfully login
[2019-08-02T05:14:59.264Z] error enter correct password
[2019-08-02T05:15:07.234Z] error enter correct password
[2019-08-02T05:15:40.054Z] info user successfully login
[2019-08-02T05:51:32.183Z] info user successfully login
[2019-08-02T06:13:45.226Z] info user successfully login
[2019-08-02T06:23:11.884Z] info user successfully login
[2019-08-02T06:27:37.202Z] info user successfully login
[2019-08-02T06:50:36.537Z] info user successfully login
[2019-08-02T06:53:52.107Z] info user successfully login
[2019-08-02T06:55:57.046Z] info user successfully login
[2019-08-02T07:11:43.947Z] info user successfully login
[2019-08-02T07:13:36.708Z] info user successfully login
[2019-08-02T07:17:59.784Z] info user successfully login
[2019-08-02T07:19:12.510Z] info user successfully login
[2019-08-02T07:20:36.286Z] info user successfully login
[2019-08-02T07:36:36.283Z] info user successfully login
[2019-08-02T07:39:10.554Z] info user successfully login
[2019-08-02T07:40:31.132Z] info user successfully login
[2019-08-02T07:51:30.657Z] info user successfully login
[2019-08-02T07:53:03.959Z] info user successfully login
[2019-08-02T07:57:21.694Z] info user successfully login
[2019-08-02T07:58:33.229Z] info user successfully login
[2019-08-02T07:58:51.873Z] info user successfully login
[2019-08-02T07:59:13.361Z] info user successfully login
[2019-08-02T07:59:32.909Z] info user successfully login
[2019-08-02T08:00:04.847Z] info profile image updated
[2019-08-02T08:00:22.155Z] info cover image updated
[2019-08-02T08:00:35.292Z] info cover image updated
[2019-08-02T08:01:13.380Z] info user successfully login
[2019-08-02T08:01:33.626Z] info profile image updated
[2019-08-02T08:01:41.567Z] info cover image updated
[2019-08-02T08:02:22.256Z] info user successfully login
[2019-08-02T08:02:37.333Z] info user successfully login
[2019-08-02T08:03:51.623Z] info user successfully login
[2019-08-02T08:04:43.568Z] info user successfully login
[2019-08-02T08:05:04.990Z] info profile image updated
[2019-08-02T08:05:11.528Z] info cover image updated
[2019-08-02T08:05:47.766Z] info user successfully login
[2019-08-02T08:06:16.308Z] info profile image updated
[2019-08-02T08:06:34.205Z] info user successfully login
[2019-08-02T08:07:00.126Z] info profile image updated
[2019-08-02T08:07:08.574Z] info cover image updated
[2019-08-02T08:07:32.457Z] info user successfully login
[2019-08-02T08:07:44.166Z] info user successfully login
[2019-08-02T08:08:57.904Z] info user successfully login
[2019-08-02T08:11:03.896Z] info user successfully login
[2019-08-02T08:11:33.972Z] info user successfully login
[2019-08-02T08:14:30.062Z] info user successfully login
[2019-08-02T08:17:21.815Z] info user successfully login
[2019-08-02T08:17:35.319Z] info user successfully login
[2019-08-02T08:21:32.376Z] info user successfully login
[2019-08-02T08:36:18.120Z] info user successfully login
[2019-08-02T09:19:43.916Z] info user successfully login
[2019-08-02T09:20:08.287Z] info user successfully login
[2019-08-02T09:20:19.102Z] info user successfully login
[2019-08-02T09:20:36.490Z] info user successfully login
[2019-08-02T09:21:04.171Z] info user successfully login
[2019-08-02T09:21:24.478Z] info user successfully login
[2019-08-02T09:21:35.775Z] info user successfully login
[2019-08-02T09:29:07.013Z] info user successfully login
[2019-08-02T09:32:35.367Z] info user successfully login
[2019-08-02T09:34:38.278Z] info user successfully login
[2019-08-02T09:36:17.629Z] info user successfully login
[2019-08-02T09:37:33.958Z] info user successfully login
[2019-08-02T09:37:46.466Z] info user successfully login
[2019-08-02T09:42:44.248Z] info user successfully login
[2019-08-02T09:43:00.568Z] info user successfully login
[2019-08-02T10:13:56.409Z] info user successfully login
[2019-08-02T10:33:36.231Z] info user successfully login
[2019-08-02T10:43:20.468Z] info user successfully login
[2019-08-02T10:45:03.995Z] info user successfully login
[2019-08-02T10:47:06.437Z] info user successfully login
[2019-08-02T11:04:22.183Z] info user successfully login
[2019-08-02T11:09:18.966Z] error enter correct password
[2019-08-02T11:09:22.042Z] error enter correct password
[2019-08-02T11:09:24.362Z] error enter correct password
[2019-08-02T11:09:31.862Z] info user successfully login
[2019-08-02T11:09:54.810Z] info user successfully login
[2019-08-02T11:12:46.458Z] info user successfully login
[2019-08-02T11:18:15.833Z] info user successfully login
[2019-08-02T11:21:09.922Z] info user successfully login
[2019-08-02T11:22:30.224Z] info user successfully login
[2019-08-02T11:23:18.356Z] info user successfully login
[2019-08-02T11:24:23.678Z] info profile updated 
[2019-08-02T11:24:23.678Z] info updated
[2019-08-02T11:24:39.608Z] info cover image updated
[2019-08-02T11:24:50.692Z] info profile image updated
[2019-08-02T11:31:15.443Z] info user successfully login
[2019-08-02T11:32:04.770Z] info user successfully login
[2019-08-02T11:32:48.347Z] info user successfully login
[2019-08-02T11:33:33.763Z] info user successfully login
[2019-08-02T11:33:57.688Z] info cover image updated
[2019-08-02T11:35:41.797Z] info profile image updated
[2019-08-02T11:39:48.721Z] info user successfully login
[2019-08-02T11:43:27.517Z] info user successfully login
[2019-08-02T11:44:18.862Z] info user successfully login
[2019-08-02T11:45:06.984Z] info user successfully login
[2019-08-02T11:47:01.779Z] info user successfully login
[2019-08-02T11:51:19.299Z] info user successfully login
[2019-08-02T11:55:33.339Z] info user successfully login
[2019-08-02T11:57:11.355Z] info user successfully login
[2019-08-02T11:58:55.758Z] info user successfully login
[2019-08-02T12:29:08.041Z] info user successfully login
[2019-08-02T12:41:08.749Z] info user successfully login
[2019-08-02T12:42:02.199Z] info user successfully login
[2019-08-02T13:57:35.929Z] info user successfully login
[2019-08-02T14:13:54.529Z] info user successfully login
[2019-08-02T14:20:55.465Z] info user successfully login
[2019-08-02T14:22:24.453Z] info user successfully login
[2019-08-02T14:23:31.435Z] info user successfully login
[2019-08-02T14:24:53.183Z] info user successfully login
[2019-08-02T14:26:18.461Z] info user successfully login
[2019-08-02T14:28:10.576Z] info user successfully login
[2019-08-02T14:28:51.701Z] info user successfully login
[2019-08-02T14:30:44.828Z] info user successfully login
[2019-08-02T14:32:19.824Z] info user successfully login
[2019-08-02T14:33:21.789Z] info user successfully login
[2019-08-02T14:33:55.677Z] info user successfully login
[2019-08-02T14:36:53.961Z] info user successfully login
[2019-08-02T14:51:30.409Z] info user successfully login
[2019-08-02T14:52:32.258Z] info user successfully login
[2019-08-02T14:55:36.889Z] info user successfully login
[2019-08-02T15:10:27.929Z] info user successfully login
[2019-08-02T15:12:49.452Z] info user successfully login
[2019-08-02T15:14:28.506Z] info user successfully login
[2019-08-02T15:17:34.847Z] info user successfully login
[2019-08-02T15:21:03.969Z] info user successfully login
[2019-08-02T15:22:50.081Z] info user successfully login
[2019-08-02T15:35:39.372Z] info user successfully login
[2019-08-02T15:39:37.647Z] info user successfully login
[2019-08-02T15:49:08.716Z] info user successfully login
[2019-08-02T15:52:48.044Z] info user successfully login
[2019-08-02T15:57:18.662Z] info user successfully login
[2019-08-02T15:58:45.793Z] info user successfully login
[2019-08-02T16:01:43.820Z] info user successfully login
[2019-08-02T16:06:02.554Z] info user successfully login
[2019-08-02T16:55:16.256Z] info user successfully login
[2019-08-02T17:10:11.779Z] info user successfully login
[2019-08-02T17:12:14.586Z] info user successfully login
[2019-08-02T17:13:35.170Z] info user successfully login
[2019-08-02T17:15:33.602Z] info user successfully login
[2019-08-02T17:16:56.963Z] info user successfully login
[2019-08-02T17:20:01.742Z] info user successfully login
[2019-08-02T17:22:55.583Z] info user successfully login
[2019-08-02T17:24:30.435Z] info user successfully login
[2019-08-02T17:29:17.477Z] info user successfully login
[2019-08-02T17:32:06.061Z] info user successfully login
[2019-08-02T17:34:36.617Z] info user successfully login
[2019-08-02T17:35:23.420Z] info user successfully login
[2019-08-02T17:35:52.878Z] info user successfully login
[2019-08-03T03:30:41.193Z] info server running 8000
[2019-08-03T03:33:37.721Z] info user successfully login
[2019-08-03T03:50:12.582Z] info user successfully login
[2019-08-03T04:10:22.290Z] info user successfully login
[2019-08-03T04:14:55.147Z] info user successfully login
[2019-08-03T04:17:27.035Z] info user successfully login
[2019-08-03T04:19:46.755Z] info user successfully login
[2019-08-03T04:28:35.111Z] info user successfully login
[2019-08-03T04:32:57.591Z] info user successfully login
